#
# There is insufficient memory for the Java Runtime Environment to continue.
# Native memory allocation (malloc) failed to allocate 524176 bytes for Chunk::new
# Possible reasons:
#   The system is out of physical RAM or swap space
#   In 32 bit mode, the process size limit was hit
# Possible solutions:
#   Reduce memory load on the system
#   Increase physical memory or swap space
#   Check if swap backing store is full
#   Use 64 bit Java on a 64 bit OS
#   Decrease Java heap size (-Xmx/-Xms)
#   Decrease number of Java threads
#   Decrease Java thread stack sizes (-Xss)
#   Set larger code cache with -XX:ReservedCodeCacheSize=
# This output file may be truncated or incomplete.
#
#  Out of Memory Error (allocation.cpp:390), pid=10460, tid=0x0000000000000610
#
# JRE version: OpenJDK Runtime Environment (8.0_152-b01) (build 1.8.0_152-release-1248-b01)
# Java VM: OpenJDK 64-Bit Server VM (25.152-b01 mixed mode windows-amd64 compressed oops)
# Failed to write core dump. Minidumps are not enabled by default on client versions of Windows
#

---------------  T H R E A D  ---------------

Current thread (0x0000000016fb4800):  JavaThread "C2 CompilerThread0" daemon [_thread_in_native, id=1552, stack(0x0000000017540000,0x0000000017640000)]

Stack: [0x0000000017540000,0x0000000017640000]
[error occurred during error reporting (printing stack bounds), id 0xc0000005]

Native frames: (J=compiled Java code, j=interpreted, Vv=VM code, C=native code)


Current CompileTask:
C2:7062473 22201 %     4       com.android.tools.r8.ir.conversion.IRBuilder::build @ 152 (739 bytes)


---------------  P R O C E S S  ---------------

Java Threads: ( => current thread )
  0x0000000024b8c800 JavaThread "ForkJoinPool-11-worker-1" daemon [_thread_in_native, id=8772, stack(0x0000000028b50000,0x0000000028c50000)]
  0x000000001a909800 JavaThread "ForkJoinPool.commonPool-worker-3" daemon [_thread_blocked, id=9292, stack(0x0000000023fb0000,0x00000000240b0000)]
  0x000000001a90d000 JavaThread "ForkJoinPool.commonPool-worker-2" daemon [_thread_blocked, id=12008, stack(0x0000000028e70000,0x0000000028f70000)]
  0x000000001c855000 JavaThread "ForkJoinPool.commonPool-worker-1" daemon [_thread_blocked, id=9152, stack(0x000000001bd40000,0x000000001be40000)]
  0x000000001a90c000 JavaThread "RMI TCP Connection(7)-127.0.0.1" daemon [_thread_in_native, id=11172, stack(0x0000000028740000,0x0000000028840000)]
  0x000000001a90e800 JavaThread "RMI RenewClean-[127.0.0.1:17132,org.jetbrains.kotlin.daemon.common.LoopbackNetworkInterface$ClientLoopbackSocketFactory@452d2e18]" daemon [_thread_blocked, id=10364, stack(0x0000000028640000,0x0000000028740000)]
  0x00000000193ce000 JavaThread "stdout" [_thread_in_native, id=12780, stack(0x00000000284c0000,0x00000000285c0000)]
  0x00000000193ca800 JavaThread "stderr" [_thread_in_native, id=6252, stack(0x000000001a1b0000,0x000000001a2b0000)]
  0x00000000193cf800 JavaThread "pool-20-thread-1" [_thread_blocked, id=13140, stack(0x00000000243d0000,0x00000000244d0000)]
  0x00000000193cd800 JavaThread "Cache worker for Build Output Cleanup Cache (C:\Users\emnix\AndroidStudioProjects\GPS_Tracking_01\.gradle\buildOutputCleanup)" [_thread_blocked, id=8520, stack(0x0000000027350000,0x0000000027450000)]
  0x00000000193c8800 JavaThread "Cache worker for task history cache (C:\Users\emnix\AndroidStudioProjects\GPS_Tracking_01\.gradle\4.10.1\taskHistory)" [_thread_blocked, id=4528, stack(0x0000000027250000,0x0000000027350000)]
  0x000000001a86e000 JavaThread "Task worker for ':' Thread 3" [_thread_blocked, id=11308, stack(0x0000000026a60000,0x0000000026b60000)]
  0x000000001a86e800 JavaThread "Task worker for ':' Thread 2" [_thread_blocked, id=8280, stack(0x0000000026960000,0x0000000026a60000)]
  0x000000001a871000 JavaThread "Task worker for ':'" [_thread_blocked, id=12432, stack(0x0000000023eb0000,0x0000000023fb0000)]
  0x00000000193cf000 JavaThread "Cache worker for file content cache (C:\Users\emnix\AndroidStudioProjects\GPS_Tracking_01\.gradle\4.10.1\fileContent)" [_thread_blocked, id=11140, stack(0x00000000230b0000,0x00000000231b0000)]
  0x000000001a759800 JavaThread "Build operations Thread 4" [_thread_blocked, id=10604, stack(0x0000000022b80000,0x0000000022c80000)]
  0x000000001a758000 JavaThread "Build operations Thread 3" [_thread_blocked, id=9584, stack(0x0000000022f10000,0x0000000023010000)]
  0x000000001a759000 JavaThread "Build operations Thread 2" [_thread_blocked, id=12532, stack(0x0000000022a50000,0x0000000022b50000)]
  0x000000001a75b000 JavaThread "Build operations" [_thread_blocked, id=10992, stack(0x000000001f9b0000,0x000000001fab0000)]
  0x000000001a75c800 JavaThread "Cache worker for cache directory md-rule (D:\Android\caches\4.10.1\md-rule)" [_thread_blocked, id=10588, stack(0x00000000212c0000,0x00000000213c0000)]
  0x000000001a75d800 JavaThread "Cache worker for cache directory md-supplier (D:\Android\caches\4.10.1\md-supplier)" [_thread_blocked, id=9556, stack(0x0000000022700000,0x0000000022800000)]
  0x000000001a75c000 JavaThread "Cache worker for file hash cache (C:\Users\emnix\AndroidStudioProjects\GPS_Tracking_01\.gradle\4.10.1\fileHashes)" [_thread_blocked, id=11592, stack(0x00000000222b0000,0x00000000223b0000)]
  0x000000001a757800 JavaThread "Stdin handler" [_thread_blocked, id=9000, stack(0x0000000020050000,0x0000000020150000)]
  0x00000000180bc000 JavaThread "Asynchronous log dispatcher for DefaultDaemonConnection: socket connection from /127.0.0.1:55417 to /127.0.0.1:63386" [_thread_blocked, id=1012, stack(0x000000001fad0000,0x000000001fbd0000)]
  0x00000000180bb000 JavaThread "Daemon worker Thread 5" [_thread_blocked, id=4880, stack(0x000000001ced0000,0x000000001cfd0000)]
  0x00000000180bc800 JavaThread "Cancel handler" [_thread_blocked, id=3024, stack(0x0000000019d40000,0x0000000019e40000)]
  0x00000000180ba800 JavaThread "Handler for socket connection from /127.0.0.1:55417 to /127.0.0.1:63386" [_thread_in_native, id=3504, stack(0x000000001a2d0000,0x000000001a3d0000)]
  0x00000000180bd800 JavaThread "Daemon Thread 5" [_thread_blocked, id=1940, stack(0x000000001a0a0000,0x000000001a1a0000)]
  0x00000000180b9800 JavaThread "RMI TCP Connection(6)-127.0.0.1" daemon [_thread_in_native, id=11228, stack(0x00000000197a0000,0x00000000198a0000)]
  0x000000001a910800 JavaThread "Cache worker for Java compile cache (D:\Android\caches\4.10.1\javaCompile)" [_thread_blocked, id=7984, stack(0x00000000201e0000,0x00000000202e0000)]
  0x000000001a756800 JavaThread "RMI Reaper" [_thread_blocked, id=8868, stack(0x0000000019ad0000,0x0000000019bd0000)]
  0x000000001c854800 JavaThread "RMI TCP Accept-0" daemon [_thread_in_native, id=8980, stack(0x00000000240d0000,0x00000000241d0000)]
  0x000000001c851000 JavaThread "GC Daemon" daemon [_thread_blocked, id=12576, stack(0x0000000027000000,0x0000000027100000)]
  0x000000001c856800 JavaThread "RMI RenewClean-[127.0.0.1:17132,org.jetbrains.kotlin.daemon.common.LoopbackNetworkInterface$ClientLoopbackSocketFactory@16a95c85]" daemon [_thread_blocked, id=7368, stack(0x0000000026ea0000,0x0000000026fa0000)]
  0x000000001c858000 JavaThread "RMI Scheduler(0)" daemon [_thread_blocked, id=12228, stack(0x0000000024560000,0x0000000024660000)]
  0x000000001a913000 JavaThread "Cache worker for file content cache (D:\Android\caches\4.10.1\fileContent)" [_thread_blocked, id=13056, stack(0x0000000021f90000,0x0000000022090000)]
  0x000000001a912000 JavaThread "Memory manager" [_thread_blocked, id=13212, stack(0x0000000021dd0000,0x0000000021ed0000)]
  0x000000001a90f000 JavaThread "pool-1-thread-1" [_thread_blocked, id=9172, stack(0x0000000020750000,0x0000000020850000)]
  0x000000001a90b800 JavaThread "Cache worker for Artifact transforms cache (D:\Android\caches\transforms-1)" [_thread_blocked, id=2340, stack(0x000000001fc60000,0x000000001fd60000)]
  0x000000001a906800 JavaThread "Cache worker for journal cache (D:\Android\caches\journal-1)" [_thread_blocked, id=11316, stack(0x000000001e030000,0x000000001e130000)]
  0x000000001aa5e000 JavaThread "File lock request listener" [_thread_in_native, id=11560, stack(0x000000001bc40000,0x000000001bd40000)]
  0x000000001a905000 JavaThread "Cache worker for file hash cache (D:\Android\caches\4.10.1\fileHashes)" [_thread_blocked, id=10404, stack(0x000000001b920000,0x000000001ba20000)]
  0x0000000018f78800 JavaThread "Daemon periodic checks" [_thread_blocked, id=3836, stack(0x0000000019bd0000,0x0000000019cd0000)]
  0x0000000018f66000 JavaThread "Incoming local TCP Connector on port 55417" [_thread_in_native, id=3400, stack(0x00000000199d0000,0x0000000019ad0000)]
  0x0000000017028800 JavaThread "Service Thread" daemon [_thread_blocked, id=8732, stack(0x0000000017af0000,0x0000000017bf0000)]
  0x000000000631b000 JavaThread "C1 CompilerThread2" daemon [_thread_blocked, id=12664, stack(0x00000000176d0000,0x00000000177d0000)]
  0x0000000016fba800 JavaThread "C2 CompilerThread1" daemon [_thread_in_native, id=2356, stack(0x0000000017810000,0x0000000017910000)]
=>0x0000000016fb4800 JavaThread "C2 CompilerThread0" daemon [_thread_in_native, id=1552, stack(0x0000000017540000,0x0000000017640000)]
  0x0000000006314800 JavaThread "Attach Listener" daemon [_thread_blocked, id=12784, stack(0x0000000016d90000,0x0000000016e90000)]
  0x0000000006313800 JavaThread "Signal Dispatcher" daemon [_thread_blocked, id=2364, stack(0x0000000017420000,0x0000000017520000)]
  0x00000000062fb800 JavaThread "Finalizer" daemon [_thread_blocked, id=1792, stack(0x0000000016eb0000,0x0000000016fb0000)]
  0x00000000062b4800 JavaThread "Reference Handler" daemon [_thread_blocked, id=12056, stack(0x0000000016c30000,0x0000000016d30000)]
  0x000000000030f000 JavaThread "main" [_thread_blocked, id=10564, stack(0x0000000002420000,0x0000000002520000)]

Other Threads:
  0x00000000062ad800 VMThread [stack: 0x0000000016a80000,0x0000000016b80000] [id=6948]
  0x000000001702a000 WatcherThread [stack: 0x00000000179f0000,0x0000000017af0000] [id=892]

VM state:not at safepoint (normal execution)

VM Mutex/Monitor currently owned by a thread: None

Heap:
 PSYoungGen      total 326656K, used 279227K [0x00000000eab00000, 0x00000000ffd80000, 0x0000000100000000)
  eden space 309760K, 88% used [0x00000000eab00000,0x00000000fb780608,0x00000000fd980000)
  from space 16896K, 25% used [0x00000000fed00000,0x00000000ff12e9a8,0x00000000ffd80000)
  to   space 18432K, 0% used [0x00000000fd980000,0x00000000fd980000,0x00000000feb80000)
 ParOldGen       total 408064K, used 96086K [0x00000000c0000000, 0x00000000d8e80000, 0x00000000eab00000)
  object space 408064K, 23% used [0x00000000c0000000,0x00000000c5dd5a08,0x00000000d8e80000)
 Metaspace       used 90433K, capacity 94428K, committed 94720K, reserved 1132544K
  class space    used 11449K, capacity 12232K, committed 12288K, reserved 1048576K

Card table byte_map: [0x0000000002bb0000,0x0000000002dc0000] byte_map_base: 0x00000000025b0000

Marking Bits: (ParMarkBitMap*) 0x0000000007855aa0
 Begin Bits: [0x0000000003720000, 0x0000000004720000)
 End Bits:   [0x0000000004720000, 0x0000000005720000)

Polling page: 0x0000000000140000

CodeCache: size=245760Kb used=58436Kb max_used=58436Kb free=187323Kb
 bounds [0x00000000078e0000, 0x000000000b250000, 0x00000000168e0000]
 total_blobs=18453 nmethods=17574 adapters=791
 compilation: enabled

Compilation events (10 events):
Event: 7059.996 Thread 0x0000000016fb4800 nmethod 22194 0x000000000b220910 code [0x000000000b220d60, 0x000000000b224cd0]
Event: 7059.996 Thread 0x0000000016fb4800 22246       4       com.android.tools.r8.org.objectweb.asm.ClassReader::accept (1253 bytes)
Event: 7060.011 Thread 0x000000000631b000 22251       2       com.android.tools.r8.dex.ApplicationWriter::insertAttributeAnnotations (456 bytes)
Event: 7060.014 Thread 0x000000000631b000 nmethod 22251 0x000000000b21e010 code [0x000000000b21e3c0, 0x000000000b21f648]
Event: 7060.278 Thread 0x0000000016fb4800 nmethod 22246 0x000000000b232450 code [0x000000000b232b60, 0x000000000b239cf0]
Event: 7060.278 Thread 0x0000000016fb4800 22201 %     4       com.android.tools.r8.ir.conversion.IRBuilder::build @ 152 (739 bytes)
Event: 7060.298 Thread 0x000000000631b000 22255       3       com.android.tools.r8.ir.conversion.IRConverter::materializeInstructionBeforeLongOperationsWorkaround (260 bytes)
Event: 7060.301 Thread 0x000000000631b000 nmethod 22255 0x000000000b22d190 code [0x000000000b22d660, 0x000000000b230348]
Event: 7060.330 Thread 0x000000000631b000 22258  s    2       com.android.tools.r8.ir.optimize.CodeRewriter::computeClassInitializerInfo (288 bytes)
Event: 7060.331 Thread 0x000000000631b000 nmethod 22258 0x000000000b21c3d0 code [0x000000000b21c680, 0x000000000b21d398]

GC Heap History (10 events):
Event: 6911.366 GC heap before
{Heap before GC invocations=44 (full 4):
 PSYoungGen      total 323072K, used 298048K [0x00000000eab00000, 0x00000000ffe80000, 0x0000000100000000)
  eden space 297984K, 100% used [0x00000000eab00000,0x00000000fce00000,0x00000000fce00000)
  from space 25088K, 0% used [0x00000000fce00000,0x00000000fce10000,0x00000000fe680000)
  to   space 24064K, 0% used [0x00000000fe700000,0x00000000fe700000,0x00000000ffe80000)
 ParOldGen       total 408064K, used 86399K [0x00000000c0000000, 0x00000000d8e80000, 0x00000000eab00000)
  object space 408064K, 21% used [0x00000000c0000000,0x00000000c545fc88,0x00000000d8e80000)
 Metaspace       used 89856K, capacity 93694K, committed 93952K, reserved 1130496K
  class space    used 11430K, capacity 12197K, committed 12288K, reserved 1048576K
Event: 6911.380 GC heap after
Heap after GC invocations=44 (full 4):
 PSYoungGen      total 321536K, used 5888K [0x00000000eab00000, 0x00000000ffc00000, 0x0000000100000000)
  eden space 300032K, 0% used [0x00000000eab00000,0x00000000eab00000,0x00000000fd000000)
  from space 21504K, 27% used [0x00000000fe700000,0x00000000fecc0080,0x00000000ffc00000)
  to   space 22528K, 0% used [0x00000000fd000000,0x00000000fd000000,0x00000000fe600000)
 ParOldGen       total 408064K, used 86423K [0x00000000c0000000, 0x00000000d8e80000, 0x00000000eab00000)
  object space 408064K, 21% used [0x00000000c0000000,0x00000000c5465c88,0x00000000d8e80000)
 Metaspace       used 89856K, capacity 93694K, committed 93952K, reserved 1130496K
  class space    used 11430K, capacity 12197K, committed 12288K, reserved 1048576K
}
Event: 6917.477 GC heap before
{Heap before GC invocations=45 (full 4):
 PSYoungGen      total 321536K, used 305920K [0x00000000eab00000, 0x00000000ffc00000, 0x0000000100000000)
  eden space 300032K, 100% used [0x00000000eab00000,0x00000000fd000000,0x00000000fd000000)
  from space 21504K, 27% used [0x00000000fe700000,0x00000000fecc0080,0x00000000ffc00000)
  to   space 22528K, 0% used [0x00000000fd000000,0x00000000fd000000,0x00000000fe600000)
 ParOldGen       total 408064K, used 86423K [0x00000000c0000000, 0x00000000d8e80000, 0x00000000eab00000)
  object space 408064K, 21% used [0x00000000c0000000,0x00000000c5465c88,0x00000000d8e80000)
 Metaspace       used 90033K, capacity 93954K, committed 94208K, reserved 1130496K
  class space    used 11430K, capacity 12197K, committed 12288K, reserved 1048576K
Event: 6917.522 GC heap after
Heap after GC invocations=45 (full 4):
 PSYoungGen      total 322560K, used 3187K [0x00000000eab00000, 0x00000000fff00000, 0x0000000100000000)
  eden space 300032K, 0% used [0x00000000eab00000,0x00000000eab00000,0x00000000fd000000)
  from space 22528K, 14% used [0x00000000fd000000,0x00000000fd31cf70,0x00000000fe600000)
  to   space 21504K, 0% used [0x00000000fea00000,0x00000000fea00000,0x00000000fff00000)
 ParOldGen       total 408064K, used 91805K [0x00000000c0000000, 0x00000000d8e80000, 0x00000000eab00000)
  object space 408064K, 22% used [0x00000000c0000000,0x00000000c59a7588,0x00000000d8e80000)
 Metaspace       used 90033K, capacity 93954K, committed 94208K, reserved 1130496K
  class space    used 11430K, capacity 12197K, committed 12288K, reserved 1048576K
}
Event: 6918.144 GC heap before
{Heap before GC invocations=46 (full 4):
 PSYoungGen      total 322560K, used 302595K [0x00000000eab00000, 0x00000000fff00000, 0x0000000100000000)
  eden space 300032K, 99% used [0x00000000eab00000,0x00000000fcf63eb0,0x00000000fd000000)
  from space 22528K, 14% used [0x00000000fd000000,0x00000000fd31cf70,0x00000000fe600000)
  to   space 21504K, 0% used [0x00000000fea00000,0x00000000fea00000,0x00000000fff00000)
 ParOldGen       total 408064K, used 91805K [0x00000000c0000000, 0x00000000d8e80000, 0x00000000eab00000)
  object space 408064K, 22% used [0x00000000c0000000,0x00000000c59a7588,0x00000000d8e80000)
 Metaspace       used 90119K, capacity 93980K, committed 94208K, reserved 1130496K
  class space    used 11432K, capacity 12200K, committed 12288K, reserved 1048576K
Event: 6918.163 GC heap after
Heap after GC invocations=46 (full 4):
 PSYoungGen      total 323584K, used 4433K [0x00000000eab00000, 0x00000000ffc00000, 0x0000000100000000)
  eden space 305152K, 0% used [0x00000000eab00000,0x00000000eab00000,0x00000000fd500000)
  from space 18432K, 24% used [0x00000000fea00000,0x00000000fee54540,0x00000000ffc00000)
  to   space 19968K, 0% used [0x00000000fd500000,0x00000000fd500000,0x00000000fe880000)
 ParOldGen       total 408064K, used 93467K [0x00000000c0000000, 0x00000000d8e80000, 0x00000000eab00000)
  object space 408064K, 22% used [0x00000000c0000000,0x00000000c5b46f58,0x00000000d8e80000)
 Metaspace       used 90119K, capacity 93980K, committed 94208K, reserved 1130496K
  class space    used 11432K, capacity 12200K, committed 12288K, reserved 1048576K
}
Event: 6918.199 GC heap before
{Heap before GC invocations=47 (full 4):
 PSYoungGen      total 323584K, used 308769K [0x00000000eab00000, 0x00000000ffc00000, 0x0000000100000000)
  eden space 305152K, 99% used [0x00000000eab00000,0x00000000fd434230,0x00000000fd500000)
  from space 18432K, 24% used [0x00000000fea00000,0x00000000fee54540,0x00000000ffc00000)
  to   space 19968K, 0% used [0x00000000fd500000,0x00000000fd500000,0x00000000fe880000)
 ParOldGen       total 408064K, used 93467K [0x00000000c0000000, 0x00000000d8e80000, 0x00000000eab00000)
  object space 408064K, 22% used [0x00000000c0000000,0x00000000c5b46f58,0x00000000d8e80000)
 Metaspace       used 90122K, capacity 94044K, committed 94208K, reserved 1130496K
  class space    used 11432K, capacity 12200K, committed 12288K, reserved 1048576K
Event: 6918.216 GC heap after
Heap after GC invocations=47 (full 4):
 PSYoungGen      total 325120K, used 64K [0x00000000eab00000, 0x0000000100000000, 0x0000000100000000)
  eden space 305152K, 0% used [0x00000000eab00000,0x00000000eab00000,0x00000000fd500000)
  from space 19968K, 0% used [0x00000000fd500000,0x00000000fd510000,0x00000000fe880000)
  to   space 19456K, 0% used [0x00000000fed00000,0x00000000fed00000,0x0000000100000000)
 ParOldGen       total 408064K, used 96054K [0x00000000c0000000, 0x00000000d8e80000, 0x00000000eab00000)
  object space 408064K, 23% used [0x00000000c0000000,0x00000000c5dcda08,0x00000000d8e80000)
 Metaspace       used 90122K, capacity 94044K, committed 94208K, reserved 1130496K
  class space    used 11432K, capacity 12200K, committed 12288K, reserved 1048576K
}
Event: 7054.189 GC heap before
{Heap before GC invocations=48 (full 4):
 PSYoungGen      total 325120K, used 305216K [0x00000000eab00000, 0x0000000100000000, 0x0000000100000000)
  eden space 305152K, 100% used [0x00000000eab00000,0x00000000fd500000,0x00000000fd500000)
  from space 19968K, 0% used [0x00000000fd500000,0x00000000fd510000,0x00000000fe880000)
  to   space 19456K, 0% used [0x00000000fed00000,0x00000000fed00000,0x0000000100000000)
 ParOldGen       total 408064K, used 96054K [0x00000000c0000000, 0x00000000d8e80000, 0x00000000eab00000)
  object space 408064K, 23% used [0x00000000c0000000,0x00000000c5dcda08,0x00000000d8e80000)
 Metaspace       used 90265K, capacity 94222K, committed 94464K, reserved 1132544K
  class space    used 11442K, capacity 12219K, committed 12288K, reserved 1048576K
Event: 7054.193 GC heap after
Heap after GC invocations=48 (full 4):
 PSYoungGen      total 326656K, used 4282K [0x00000000eab00000, 0x00000000ffd80000, 0x0000000100000000)
  eden space 309760K, 0% used [0x00000000eab00000,0x00000000eab00000,0x00000000fd980000)
  from space 16896K, 25% used [0x00000000fed00000,0x00000000ff12e9a8,0x00000000ffd80000)
  to   space 18432K, 0% used [0x00000000fd980000,0x00000000fd980000,0x00000000feb80000)
 ParOldGen       total 408064K, used 96086K [0x00000000c0000000, 0x00000000d8e80000, 0x00000000eab00000)
  object space 408064K, 23% used [0x00000000c0000000,0x00000000c5dd5a08,0x00000000d8e80000)
 Metaspace       used 90265K, capacity 94222K, committed 94464K, reserved 1132544K
  class space    used 11442K, capacity 12219K, committed 12288K, reserved 1048576K
}

Deoptimization events (10 events):
Event: 6916.974 Thread 0x00000000180bd800 Uncommon trap: reason=bimorphic action=maybe_recompile pc=0x000000000af79518 method=com.android.tools.r8.graph.DexItem.collectIndexedItems(Lcom/android/tools/r8/dex/IndexedItemCollection;)V @ 4
Event: 6917.565 Thread 0x000000001a86e800 Uncommon trap: reason=null_check action=make_not_entrant pc=0x0000000008cbf234 method=com.android.tools.r8.graph.DebugLocalInfo.equals(Ljava/lang/Object;)Z @ 8
Event: 6917.566 Thread 0x000000001a86e800 Uncommon trap: reason=null_check action=make_not_entrant pc=0x000000000ad55ca4 method=com.android.tools.r8.graph.DebugLocalInfo.equals(Ljava/lang/Object;)Z @ 8
Event: 6917.892 Thread 0x000000001b389800 Uncommon trap: reason=unstable_if action=reinterpret pc=0x000000000a9f2aec method=com.android.tools.r8.dex.DexOutputBuffer.ensureSpaceFor(I)V @ 8
Event: 6917.913 Thread 0x000000001a758000 Uncommon trap: reason=class_check action=maybe_recompile pc=0x000000000956fd0c method=java.util.stream.MatchOps$MatchOp.evaluateSequential(Ljava/util/stream/PipelineHelper;Ljava/util/Spliterator;)Ljava/lang/Boolean; @ 14
Event: 6917.913 Thread 0x000000001a758000 Uncommon trap: reason=bimorphic action=maybe_recompile pc=0x0000000008fddcf4 method=java.util.stream.AbstractPipeline.copyIntoWithCancel(Ljava/util/stream/Sink;Ljava/util/Spliterator;)V @ 24
Event: 6917.931 Thread 0x000000001a758000 Uncommon trap: reason=bimorphic action=maybe_recompile pc=0x0000000008c963dc method=com.google.common.collect.ImmutableMap.copyOf(Ljava/lang/Iterable;)Lcom/google/common/collect/ImmutableMap; @ 53
Event: 6917.955 Thread 0x000000001a758000 Uncommon trap: reason=bimorphic action=maybe_recompile pc=0x000000000aaadfd8 method=java.io.SequenceInputStream.nextStream()V @ 11
Event: 6917.957 Thread 0x000000001a758000 Uncommon trap: reason=unstable_if action=reinterpret pc=0x0000000007cf8020 method=java.lang.StringCoding$StringDecoder.decode([BII)[C @ 33
Event: 6992.280 Thread 0x00000000180b9800 Uncommon trap: reason=class_check action=maybe_recompile pc=0x0000000008c6b6ac method=java.lang.ThreadLocal.set(Ljava/lang/Object;)V @ 26

Classes redefined (0 events):
No events

Internal exceptions (10 events):
Event: 7060.490 Thread 0x000000001c855000 Exception <a 'sun/nio/fs/WindowsException'> (0x00000000fae63148) thrown at [D:\src\AOSP-openjdk-cygwin\jdk8u\hotspot\src\share\vm\prims\jni.cpp, line 709]
Event: 7060.492 Thread 0x000000001c855000 Exception <a 'sun/nio/fs/WindowsException'> (0x00000000fae67f90) thrown at [D:\src\AOSP-openjdk-cygwin\jdk8u\hotspot\src\share\vm\prims\jni.cpp, line 709]
Event: 7060.493 Thread 0x000000001c855000 Exception <a 'sun/nio/fs/WindowsException'> (0x00000000fae6c420) thrown at [D:\src\AOSP-openjdk-cygwin\jdk8u\hotspot\src\share\vm\prims\jni.cpp, line 709]
Event: 7060.493 Thread 0x000000001c855000 Exception <a 'sun/nio/fs/WindowsException'> (0x00000000fae6cab0) thrown at [D:\src\AOSP-openjdk-cygwin\jdk8u\hotspot\src\share\vm\prims\jni.cpp, line 709]
Event: 7060.493 Thread 0x000000001c855000 Exception <a 'sun/nio/fs/WindowsException'> (0x00000000fae6cf38) thrown at [D:\src\AOSP-openjdk-cygwin\jdk8u\hotspot\src\share\vm\prims\jni.cpp, line 709]
Event: 7060.493 Thread 0x000000001c855000 Exception <a 'sun/nio/fs/WindowsException'> (0x00000000fae6d7b8) thrown at [D:\src\AOSP-openjdk-cygwin\jdk8u\hotspot\src\share\vm\prims\jni.cpp, line 709]
Event: 7060.494 Thread 0x000000001c855000 Exception <a 'sun/nio/fs/WindowsException'> (0x00000000fae73820) thrown at [D:\src\AOSP-openjdk-cygwin\jdk8u\hotspot\src\share\vm\prims\jni.cpp, line 709]
Event: 7060.495 Thread 0x000000001c855000 Exception <a 'sun/nio/fs/WindowsException'> (0x00000000fafb9578) thrown at [D:\src\AOSP-openjdk-cygwin\jdk8u\hotspot\src\share\vm\prims\jni.cpp, line 709]
Event: 7060.496 Thread 0x000000001c855000 Exception <a 'sun/nio/fs/WindowsException'> (0x00000000faffe140) thrown at [D:\src\AOSP-openjdk-cygwin\jdk8u\hotspot\src\share\vm\prims\jni.cpp, line 709]
Event: 7060.497 Thread 0x000000001c855000 Exception <a 'sun/nio/fs/WindowsException'> (0x00000000fb002c30) thrown at [D:\src\AOSP-openjdk-cygwin\jdk8u\hotspot\src\share\vm\prims\jni.cpp, line 709]

Events (10 events):
Event: 7059.166 Thread 0x000000000631b000 flushing nmethod 0x00000000091e1ad0
Event: 7059.169 Thread 0x000000000631b000 flushing nmethod 0x0000000009694210
Event: 7059.174 Thread 0x000000000631b000 flushing nmethod 0x000000000a55b8d0
Event: 7059.855 Thread 0x000000001c855000 Thread added: 0x000000001c855000
Event: 7059.855 Thread 0x000000001a90d000 Thread added: 0x000000001a90d000
Event: 7059.856 Thread 0x000000001a909800 Thread added: 0x000000001a909800
Event: 7059.997 Thread 0x000000001a90d000 DEOPT PACKING pc=0x00000000092d8a40 sp=0x0000000028f6e3c0
Event: 7059.997 Thread 0x000000001a90d000 DEOPT UNPACKING pc=0x00000000079271d0 sp=0x0000000028f6e170 mode 0
Event: 7060.314 Thread 0x000000001c855000 DEOPT PACKING pc=0x00000000091b05e3 sp=0x000000001be3e470
Event: 7060.314 Thread 0x000000001c855000 DEOPT UNPACKING pc=0x00000000079271d0 sp=0x000000001be3e1f8 mode 0


Dynamic libraries:
0x000000013fa90000 - 0x000000013fac1000 	D:\Android Studio\jre\bin\java.exe
0x0000000076eb0000 - 0x000000007705a000 	C:\Windows\SYSTEM32\ntdll.dll
0x000007fed5000000 - 0x000007fed5012000 	C:\Program Files\AVAST Software\Avast\aswhook.dll
0x0000000076d90000 - 0x0000000076eaf000 	C:\Windows\system32\kernel32.dll
0x000007fefcea0000 - 0x000007fefcf0a000 	C:\Windows\system32\KERNELBASE.dll
0x000007fefda10000 - 0x000007fefdaeb000 	C:\Windows\system32\ADVAPI32.dll
0x000007fefdaf0000 - 0x000007fefdb8f000 	C:\Windows\system32\msvcrt.dll
0x000007feff010000 - 0x000007feff02f000 	C:\Windows\SYSTEM32\sechost.dll
0x000007fefd060000 - 0x000007fefd18d000 	C:\Windows\system32\RPCRT4.dll
0x0000000076c90000 - 0x0000000076d8a000 	C:\Windows\system32\USER32.dll
0x000007fefeef0000 - 0x000007fefef57000 	C:\Windows\system32\GDI32.dll
0x000007feff000000 - 0x000007feff00e000 	C:\Windows\system32\LPK.dll
0x000007fefeb90000 - 0x000007fefec5b000 	C:\Windows\system32\USP10.dll
0x000007fefb1f0000 - 0x000007fefb3e4000 	C:\Windows\WinSxS\amd64_microsoft.windows.common-controls_6595b64144ccf1df_6.0.7601.18837_none_fa3b1e3d17594757\COMCTL32.dll
0x000007fefcfe0000 - 0x000007fefd051000 	C:\Windows\system32\SHLWAPI.dll
0x000007fefee70000 - 0x000007fefee9e000 	C:\Windows\system32\IMM32.DLL
0x000007fefec80000 - 0x000007fefed89000 	C:\Windows\system32\MSCTF.dll
0x0000000079320000 - 0x00000000793f2000 	D:\Android Studio\jre\jre\bin\msvcr100.dll
0x0000000007090000 - 0x00000000078d1000 	D:\Android Studio\jre\jre\bin\server\jvm.dll
0x000007fef86b0000 - 0x000007fef86b9000 	C:\Windows\system32\WSOCK32.dll
0x000007fefeea0000 - 0x000007fefeeed000 	C:\Windows\system32\WS2_32.dll
0x000007fefdb90000 - 0x000007fefdb98000 	C:\Windows\system32\NSI.dll
0x000007fefad10000 - 0x000007fefad4b000 	C:\Windows\system32\WINMM.dll
0x000007fefbbe0000 - 0x000007fefbbec000 	C:\Windows\system32\VERSION.dll
0x0000000077070000 - 0x0000000077077000 	C:\Windows\system32\PSAPI.DLL
0x000007fefb1d0000 - 0x000007fefb1df000 	D:\Android Studio\jre\jre\bin\verify.dll
0x000007feefeb0000 - 0x000007feefed9000 	D:\Android Studio\jre\jre\bin\java.dll
0x000007feeb110000 - 0x000007feeb126000 	D:\Android Studio\jre\jre\bin\zip.dll
0x000007fefde00000 - 0x000007fefeb8b000 	C:\Windows\system32\SHELL32.dll
0x000007fefdc00000 - 0x000007fefddfc000 	C:\Windows\system32\ole32.dll
0x000007fefcbb0000 - 0x000007fefcbbf000 	C:\Windows\system32\profapi.dll
0x000007feeb0f0000 - 0x000007feeb10a000 	D:\Android Studio\jre\jre\bin\net.dll
0x000007fefc370000 - 0x000007fefc3c5000 	C:\Windows\system32\mswsock.dll
0x000007fefc360000 - 0x000007fefc367000 	C:\Windows\System32\wship6.dll
0x000007feeb0d0000 - 0x000007feeb0e1000 	D:\Android Studio\jre\jre\bin\nio.dll
0x000007feefef0000 - 0x000007feeff0e000 	D:\Android\native\25\windows-amd64\native-platform.dll
0x000007fefb1c0000 - 0x000007fefb1cd000 	D:\Android Studio\jre\jre\bin\management.dll
0x000007fefc3d0000 - 0x000007fefc3e8000 	C:\Windows\system32\CRYPTSP.dll
0x000007fefc0d0000 - 0x000007fefc117000 	C:\Windows\system32\rsaenh.dll
0x000007fefce70000 - 0x000007fefce8e000 	C:\Windows\system32\USERENV.dll
0x000007fefca40000 - 0x000007fefca4f000 	C:\Windows\system32\CRYPTBASE.dll
0x000007fef9ba0000 - 0x000007fef9bc7000 	C:\Windows\system32\IPHLPAPI.DLL
0x000007fef9b90000 - 0x000007fef9b9b000 	C:\Windows\system32\WINNSI.DLL
0x000007fef9280000 - 0x000007fef9291000 	C:\Windows\system32\dhcpcsvc6.DLL
0x000007fef9160000 - 0x000007fef9178000 	C:\Windows\system32\dhcpcsvc.DLL
0x000007fefc9e0000 - 0x000007fefca37000 	C:\Windows\system32\apphelp.dll
0x000007fee9080000 - 0x000007fee909e000 	C:\Users\emnix\AppData\Local\Temp\native-platform8665278742714324203dir\native-platform.dll

VM Arguments:
jvm_args: -Xms512m -Xmx1024m -Dfile.encoding=windows-1252 -Duser.country=US -Duser.language=en -Duser.variant 
java_command: org.gradle.launcher.daemon.bootstrap.GradleDaemon 4.10.1
java_class_path (initial): D:\Android\wrapper\dists\gradle-4.10.1-all\455itskqi2qtf0v2sja68alqd\gradle-4.10.1\lib\gradle-launcher-4.10.1.jar
Launcher Type: SUN_STANDARD

Environment Variables:
PATH=C:\ProgramData\Oracle\Java\javapath;C:\Program Files (x86)\Mozilla Firefox;C:\Program Files (x86)\Common Files\Intel\Shared Files\cpp\bin\Intel64;C:\Program Files (x86)\Intel\iCLS Client\;C:\Program Files\Intel\iCLS Client\;C:\Windows\system32;C:\Windows;C:\Windows\System32\Wbem;C:\Windows\System32\WindowsPowerShell\v1.0\;C:\Program Files (x86)\Intel\UCRT\;C:\Program Files\Intel\UCRT\;C:\Program Files (x86)\Intel\Intel(R) Management Engine Components\DAL;C:\Program Files\Intel\Intel(R) Management Engine Components\DAL;C:\Program Files (x86)\Intel\Intel(R) Management Engine Components\IPT;C:\Program Files\Intel\Intel(R) Management Engine Components\IPT;C:\Program Files (x86)\PuTTY\;C:\Program Files (x86)\NVIDIA Corporation\PhysX\Common;C:\Program Files\Microsoft SQL Server\110\Tools\Binn\;C:\adb;C:\xampp\php;C:\ProgramData\ComposerSetup\bin;C:\Program Files\dotnet\;C:\Program Files (x86)\PDFtk\bin\;C:\Program Files (x86)\Bitvise SSH Client;C:\Users\emnix\AppData\Roaming\Composer\vendor\bin;C:\Users\emnix\AppData\Local\Programs\Microsoft VS Code\bin
USERNAME=emnix
OS=Windows_NT
PROCESSOR_IDENTIFIER=Intel64 Family 6 Model 158 Stepping 9, GenuineIntel



---------------  S Y S T E M  ---------------

OS: Windows 7 , 64 bit Build 7601 (6.1.7601.23807)

CPU:total 4 (initial active 4) (2 cores per cpu, 2 threads per core) family 6 model 158 stepping 9, cmov, cx8, fxsr, mmx, sse, sse2, sse3, ssse3, sse4.1, sse4.2, popcnt, aes, clmul, erms, 3dnowpref, lzcnt, ht, tsc, tscinvbit

Memory: 4k page, physical 12519076k(1512716k free), swap 12517216k(5540k free)

vm_info: OpenJDK 64-Bit Server VM (25.152-b01) for windows-amd64 JRE (1.8.0_152-release-1248-b01), built by "builder" with MS VC++ 10.0 (VS2010)

time: Wed Jan 23 15:59:56 2019
elapsed time: 7060 seconds (0d 1h 57m 40s)

